<?xml version="1.0" encoding="UTF-8"?>
<!-- Generated by org.testng.reporters.JUnitReportReporter -->
<testsuite hostname="Charan" failures="0" tests="3" name="com.oucb.qa.testcases.HomepageTest" time="106.569" errors="0" timestamp="25 Nov 2021 05:25:26 GMT" skipped="0">
  <testcase classname="com.oucb.qa.testcases.HomepageTest" name="Homepagetitletest" time="74.549"/>
  <testcase classname="com.oucb.qa.testcases.HomepageTest" name="logotest" time="14.781"/>
  <testcase classname="com.oucb.qa.testcases.HomepageTest" name="logintest" time="17.239"/>
</testsuite> <!-- com.oucb.qa.testcases.HomepageTest -->
